<?xml version="1.0" encoding="UTF-8"?>
<!-- Generated by org.testng.reporters.JUnitXMLReporter -->
<testsuite ignored="0" hostname="LAPTOP-M6PCAQGD" failures="0" tests="3" name="Test" time="57.676" errors="0" timestamp="2021-04-20T17:47:00 IST">
  <testcase classname="RunTest.TestClass" name="getHospitalNames" time="31.236"/>
  <testcase classname="RunTest.TestClass" name="Diagnosticpage" time="7.394"/>
  <testcase classname="RunTest.TestClass" name="CopWelleness" time="18.921"/>
</testsuite> <!-- Test -->
